<?xml version="1.0" encoding="UTF-8"?>
<testng-results ignored="0" total="7" passed="7" failed="0" skipped="0">
  <reporter-output>
  </reporter-output>
  <suite started-at="2023-06-16T07:49:45 IST" name="Default suite" finished-at="2023-06-16T07:50:41 IST" duration-ms="55602">
    <groups>
    </groups>
    <test started-at="2023-06-16T07:49:45 IST" name="Default test" finished-at="2023-06-16T07:50:41 IST" duration-ms="55602">
      <class name="com.SeleniumPractice.ExampleTestNG">
        <test-method is-config="true" signature="firstMethod()[pri:0, instance:com.SeleniumPractice.ExampleTestNG@61df66b6]" started-at="2023-06-16T07:49:45 IST" name="firstMethod" finished-at="2023-06-16T07:49:45 IST" duration-ms="7" status="PASS">
          <reporter-output>
          </reporter-output>
        </test-method> <!-- firstMethod -->
        <test-method is-config="true" signature="setup()[pri:0, instance:com.SeleniumPractice.ExampleTestNG@61df66b6]" started-at="2023-06-16T07:49:46 IST" name="setup" finished-at="2023-06-16T07:50:07 IST" duration-ms="21372" status="PASS">
          <reporter-output>
          </reporter-output>
        </test-method> <!-- setup -->
        <test-method signature="test1()[pri:0, instance:com.SeleniumPractice.ExampleTestNG@61df66b6]" started-at="2023-06-16T07:50:07 IST" name="test1" finished-at="2023-06-16T07:50:22 IST" duration-ms="14875" status="PASS">
          <reporter-output>
          </reporter-output>
        </test-method> <!-- test1 -->
        <test-method signature="test2()[pri:0, instance:com.SeleniumPractice.ExampleTestNG@61df66b6]" started-at="2023-06-16T07:50:22 IST" name="test2" finished-at="2023-06-16T07:50:26 IST" duration-ms="3931" status="PASS">
          <reporter-output>
          </reporter-output>
        </test-method> <!-- test2 -->
        <test-method signature="test3()[pri:0, instance:com.SeleniumPractice.ExampleTestNG@61df66b6]" started-at="2023-06-16T07:50:26 IST" name="test3" finished-at="2023-06-16T07:50:29 IST" duration-ms="3258" status="PASS">
          <reporter-output>
          </reporter-output>
        </test-method> <!-- test3 -->
        <test-method signature="test4()[pri:0, instance:com.SeleniumPractice.ExampleTestNG@61df66b6]" started-at="2023-06-16T07:50:29 IST" name="test4" finished-at="2023-06-16T07:50:32 IST" duration-ms="2711" status="PASS">
          <reporter-output>
          </reporter-output>
        </test-method> <!-- test4 -->
        <test-method signature="test5()[pri:0, instance:com.SeleniumPractice.ExampleTestNG@61df66b6]" started-at="2023-06-16T07:50:32 IST" name="test5" finished-at="2023-06-16T07:50:34 IST" duration-ms="2264" status="PASS">
          <reporter-output>
          </reporter-output>
        </test-method> <!-- test5 -->
        <test-method signature="test6()[pri:0, instance:com.SeleniumPractice.ExampleTestNG@61df66b6]" started-at="2023-06-16T07:50:34 IST" name="test6" finished-at="2023-06-16T07:50:36 IST" duration-ms="2130" status="PASS">
          <reporter-output>
          </reporter-output>
        </test-method> <!-- test6 -->
        <test-method signature="test7()[pri:0, instance:com.SeleniumPractice.ExampleTestNG@61df66b6]" started-at="2023-06-16T07:50:36 IST" name="test7" finished-at="2023-06-16T07:50:41 IST" duration-ms="4686" status="PASS">
          <reporter-output>
          </reporter-output>
        </test-method> <!-- test7 -->
        <test-method is-config="true" signature="close()[pri:0, instance:com.SeleniumPractice.ExampleTestNG@61df66b6]" started-at="2023-06-16T07:50:41 IST" name="close" finished-at="2023-06-16T07:50:41 IST" duration-ms="287" status="PASS">
          <reporter-output>
          </reporter-output>
        </test-method> <!-- close -->
      </class> <!-- com.SeleniumPractice.ExampleTestNG -->
    </test> <!-- Default test -->
  </suite> <!-- Default suite -->
</testng-results>
